2012/12/27 15:26:40 [info] [application] Path value is /Applications/MAMP/htdocs/restaurant/images/tmp/
in /Applications/MAMP/htdocs/restaurant/protected/controllers/PhotoController.php (162)
in /Applications/MAMP/htdocs/restaurant/index.php (27)
2012/12/27 15:26:40 [info] [application] thumbsPath value is /Applications/MAMP/htdocs/restaurant/images/tmp/thumbs/
in /Applications/MAMP/htdocs/restaurant/protected/controllers/PhotoController.php (163)
in /Applications/MAMP/htdocs/restaurant/index.php (27)
2012/12/27 15:26:40 [info] [application] temporary path is /Applications/MAMP/htdocs/restaurant/images/tmp/76e5f137e08dffedb3d27e3bfc5b32be.jpg
in /Applications/MAMP/htdocs/restaurant/protected/controllers/PhotoController.php (220)
in /Applications/MAMP/htdocs/restaurant/index.php (27)
2012/12/27 15:26:40 [info] [application] temporary thumbs path is /Applications/MAMP/htdocs/restaurant/images/tmp/thumbs/76e5f137e08dffedb3d27e3bfc5b32be.jpg
in /Applications/MAMP/htdocs/restaurant/protected/controllers/PhotoController.php (221)
in /Applications/MAMP/htdocs/restaurant/index.php (27)
2012/12/27 15:26:40 [info] [application] check1 /Applications/MAMP/htdocs/restaurant/images/menus/3/
in /Applications/MAMP/htdocs/restaurant/protected/controllers/PhotoController.php (290)
in /Applications/MAMP/htdocs/restaurant/index.php (27)
2012/12/27 15:26:40 [info] [application] check2 /Applications/MAMP/htdocs/restaurant/images/menus/3/thumbs/
in /Applications/MAMP/htdocs/restaurant/protected/controllers/PhotoController.php (295)
in /Applications/MAMP/htdocs/restaurant/index.php (27)
2012/12/27 15:26:40 [info] [application] check3
in /Applications/MAMP/htdocs/restaurant/protected/controllers/PhotoController.php (300)
in /Applications/MAMP/htdocs/restaurant/index.php (27)
2012/12/27 15:27:46 [info] [application] Path value is /Applications/MAMP/htdocs/restaurant/images/tmp/
in /Applications/MAMP/htdocs/restaurant/protected/controllers/PhotoController.php (162)
in /Applications/MAMP/htdocs/restaurant/index.php (27)
2012/12/27 15:27:46 [info] [application] thumbsPath value is /Applications/MAMP/htdocs/restaurant/images/tmp/thumbs/
in /Applications/MAMP/htdocs/restaurant/protected/controllers/PhotoController.php (163)
in /Applications/MAMP/htdocs/restaurant/index.php (27)
2012/12/27 15:27:46 [info] [application] temporary path is /Applications/MAMP/htdocs/restaurant/images/tmp/0e5c6042721fb3c969e6f66cbf279da5.jpg
in /Applications/MAMP/htdocs/restaurant/protected/controllers/PhotoController.php (220)
in /Applications/MAMP/htdocs/restaurant/index.php (27)
2012/12/27 15:27:46 [info] [application] temporary thumbs path is /Applications/MAMP/htdocs/restaurant/images/tmp/thumbs/0e5c6042721fb3c969e6f66cbf279da5.jpg
in /Applications/MAMP/htdocs/restaurant/protected/controllers/PhotoController.php (221)
in /Applications/MAMP/htdocs/restaurant/index.php (27)
2012/12/27 15:27:46 [info] [application] check1 /Applications/MAMP/htdocs/restaurant/images/menus/3/
in /Applications/MAMP/htdocs/restaurant/protected/controllers/PhotoController.php (290)
in /Applications/MAMP/htdocs/restaurant/index.php (27)
2012/12/27 15:27:46 [info] [application] check2 /Applications/MAMP/htdocs/restaurant/images/menus/3/thumbs/
in /Applications/MAMP/htdocs/restaurant/protected/controllers/PhotoController.php (295)
in /Applications/MAMP/htdocs/restaurant/index.php (27)
2012/12/27 15:27:46 [info] [application] check3
in /Applications/MAMP/htdocs/restaurant/protected/controllers/PhotoController.php (300)
in /Applications/MAMP/htdocs/restaurant/index.php (27)
2012/12/27 15:29:06 [info] [application] Path value is /Applications/MAMP/htdocs/restaurant/images/tmp/
in /Applications/MAMP/htdocs/restaurant/protected/controllers/PhotoController.php (162)
in /Applications/MAMP/htdocs/restaurant/index.php (27)
2012/12/27 15:29:06 [info] [application] thumbsPath value is /Applications/MAMP/htdocs/restaurant/images/tmp/thumbs/
in /Applications/MAMP/htdocs/restaurant/protected/controllers/PhotoController.php (163)
in /Applications/MAMP/htdocs/restaurant/index.php (27)
2012/12/27 16:32:52 [error] [exception.CDbException] exception 'CDbException' with message 'CDbConnection failed to open the DB connection: SQLSTATE[HY000] [2002] Can't connect to local MySQL server through socket '/Applications/MAMP/tmp/mysql/mysql.sock' (2)' in /Applications/MAMP/framework/yii/1.1.12/framework/db/CDbConnection.php:382
Stack trace:
#0 /Applications/MAMP/framework/yii/1.1.12/framework/db/CDbConnection.php(331): CDbConnection->open()
#1 /Applications/MAMP/framework/yii/1.1.12/framework/db/CDbConnection.php(309): CDbConnection->setActive(true)
#2 /Applications/MAMP/framework/yii/1.1.12/framework/base/CModule.php(388): CDbConnection->init()
#3 /Applications/MAMP/framework/yii/1.1.12/framework/base/CApplication.php(431): CModule->getComponent('db')
#4 /Applications/MAMP/framework/yii/1.1.12/framework/db/ar/CActiveRecord.php(619): CApplication->getDb()
#5 /Applications/MAMP/framework/yii/1.1.12/framework/db/ar/CActiveRecord.php(2262): CActiveRecord->getDbConnection()
#6 /Applications/MAMP/framework/yii/1.1.12/framework/db/ar/CActiveRecord.php(383): CActiveRecordMetaData->__construct(Object(Menu))
#7 /Applications/MAMP/htdocs/restaurant/protected/models/Menu.php(30): CActiveRecord::model('Menu')
#8 /Applications/MAMP/htdocs/restaurant/protected/controllers/MenuController.php(187): Menu::model()
#9 /Applications/MAMP/htdocs/restaurant/protected/controllers/MenuController.php(70): MenuController->loadModel('3')
#10 [internal function]: MenuController->actionView('3')
#11 /Applications/MAMP/framework/yii/1.1.12/framework/web/actions/CAction.php(107): ReflectionMethod->invokeArgs(Object(MenuController), Array)
#12 /Applications/MAMP/framework/yii/1.1.12/framework/web/actions/CInlineAction.php(48): CAction->runWithParamsInternal(Object(MenuController), Object(ReflectionMethod), Array)
#13 /Applications/MAMP/framework/yii/1.1.12/framework/web/CController.php(309): CInlineAction->runWithParams(Array)
#14 /Applications/MAMP/framework/yii/1.1.12/framework/web/filters/CFilterChain.php(134): CController->runAction(Object(CInlineAction))
#15 /Applications/MAMP/framework/yii/1.1.12/framework/web/filters/CFilter.php(41): CFilterChain->run()
#16 /Applications/MAMP/framework/yii/1.1.12/framework/web/CController.php(1146): CFilter->filter(Object(CFilterChain))
#17 /Applications/MAMP/framework/yii/1.1.12/framework/web/filters/CInlineFilter.php(59): CController->filterAccessControl(Object(CFilterChain))
#18 /Applications/MAMP/framework/yii/1.1.12/framework/web/filters/CFilterChain.php(131): CInlineFilter->filter(Object(CFilterChain))
#19 /Applications/MAMP/framework/yii/1.1.12/framework/web/CController.php(292): CFilterChain->run()
#20 /Applications/MAMP/framework/yii/1.1.12/framework/web/CController.php(266): CController->runActionWithFilters(Object(CInlineAction), Array)
#21 /Applications/MAMP/framework/yii/1.1.12/framework/web/CWebApplication.php(283): CController->run('view')
#22 /Applications/MAMP/framework/yii/1.1.12/framework/web/CWebApplication.php(142): CWebApplication->runController('menu/view')
#23 /Applications/MAMP/framework/yii/1.1.12/framework/base/CApplication.php(162): CWebApplication->processRequest()
#24 /Applications/MAMP/htdocs/restaurant/index.php(27): CApplication->run()
#25 {main}
REQUEST_URI=/restaurant/index.php?r=menu/view&id=3
---
2012/12/27 16:41:56 [info] [application] Path value is /Applications/MAMP/htdocs/restaurant/images/tmp/
in /Applications/MAMP/htdocs/restaurant/protected/controllers/PhotoController.php (162)
in /Applications/MAMP/htdocs/restaurant/index.php (27)
2012/12/27 16:41:56 [info] [application] thumbsPath value is /Applications/MAMP/htdocs/restaurant/images/tmp/thumbs/
in /Applications/MAMP/htdocs/restaurant/protected/controllers/PhotoController.php (163)
in /Applications/MAMP/htdocs/restaurant/index.php (27)
2012/12/27 16:41:56 [info] [application] temporary path is /Applications/MAMP/htdocs/restaurant/images/tmp/869b18a9136f4b77bff90d9071dfa317.JPG
in /Applications/MAMP/htdocs/restaurant/protected/controllers/PhotoController.php (220)
in /Applications/MAMP/htdocs/restaurant/index.php (27)
2012/12/27 16:41:56 [info] [application] temporary thumbs path is /Applications/MAMP/htdocs/restaurant/images/tmp/thumbs/869b18a9136f4b77bff90d9071dfa317.JPG
in /Applications/MAMP/htdocs/restaurant/protected/controllers/PhotoController.php (221)
in /Applications/MAMP/htdocs/restaurant/index.php (27)
2012/12/27 16:41:56 [info] [application] check1 /Applications/MAMP/htdocs/restaurant/images/menus/3/
in /Applications/MAMP/htdocs/restaurant/protected/controllers/PhotoController.php (290)
in /Applications/MAMP/htdocs/restaurant/index.php (27)
2012/12/27 16:41:56 [info] [application] check2 /Applications/MAMP/htdocs/restaurant/images/menus/3/thumbs/
in /Applications/MAMP/htdocs/restaurant/protected/controllers/PhotoController.php (295)
in /Applications/MAMP/htdocs/restaurant/index.php (27)
2012/12/27 16:41:56 [info] [application] check3
in /Applications/MAMP/htdocs/restaurant/protected/controllers/PhotoController.php (300)
in /Applications/MAMP/htdocs/restaurant/index.php (27)
2012/12/27 16:41:56 [warning] [application] /Applications/MAMP/htdocs/restaurant/images/tmp/thumbs/869b18a9136f4b77bff90d9071dfa317.JPG is not a file
in /Applications/MAMP/htdocs/restaurant/protected/controllers/PhotoController.php (321)
in /Applications/MAMP/htdocs/restaurant/index.php (27)
2012/12/27 16:48:30 [info] [application] Path value is /Applications/MAMP/htdocs/restaurant/images/tmp/
in /Applications/MAMP/htdocs/restaurant/protected/controllers/PhotoController.php (162)
in /Applications/MAMP/htdocs/restaurant/index.php (27)
2012/12/27 16:48:30 [info] [application] thumbsPath value is /Applications/MAMP/htdocs/restaurant/images/tmp/thumbs/
in /Applications/MAMP/htdocs/restaurant/protected/controllers/PhotoController.php (163)
in /Applications/MAMP/htdocs/restaurant/index.php (27)
2012/12/27 16:48:30 [info] [application] temporary path is /Applications/MAMP/htdocs/restaurant/images/tmp/953cb364dc6e1196cba58e9173f0b168.JPG
in /Applications/MAMP/htdocs/restaurant/protected/controllers/PhotoController.php (220)
in /Applications/MAMP/htdocs/restaurant/index.php (27)
2012/12/27 16:48:30 [info] [application] temporary thumbs path is /Applications/MAMP/htdocs/restaurant/images/tmp/thumbs/953cb364dc6e1196cba58e9173f0b168.JPG
in /Applications/MAMP/htdocs/restaurant/protected/controllers/PhotoController.php (221)
in /Applications/MAMP/htdocs/restaurant/index.php (27)
2012/12/27 16:48:31 [info] [application] check1 /Applications/MAMP/htdocs/restaurant/images/menus/3/
in /Applications/MAMP/htdocs/restaurant/protected/controllers/PhotoController.php (292)
in /Applications/MAMP/htdocs/restaurant/index.php (27)
2012/12/27 16:48:31 [info] [application] check2 /Applications/MAMP/htdocs/restaurant/images/menus/3/thumbs/
in /Applications/MAMP/htdocs/restaurant/protected/controllers/PhotoController.php (297)
in /Applications/MAMP/htdocs/restaurant/index.php (27)
2012/12/27 16:48:31 [info] [application] check3
in /Applications/MAMP/htdocs/restaurant/protected/controllers/PhotoController.php (302)
in /Applications/MAMP/htdocs/restaurant/index.php (27)
2012/12/27 16:48:36 [info] [application] Path value is /Applications/MAMP/htdocs/restaurant/images/tmp/
in /Applications/MAMP/htdocs/restaurant/protected/controllers/PhotoController.php (162)
in /Applications/MAMP/htdocs/restaurant/index.php (27)
2012/12/27 16:48:36 [info] [application] thumbsPath value is /Applications/MAMP/htdocs/restaurant/images/tmp/thumbs/
in /Applications/MAMP/htdocs/restaurant/protected/controllers/PhotoController.php (163)
in /Applications/MAMP/htdocs/restaurant/index.php (27)
2012/12/27 16:49:03 [info] [application] Path value is /Applications/MAMP/htdocs/restaurant/images/tmp/
in /Applications/MAMP/htdocs/restaurant/protected/controllers/PhotoController.php (162)
in /Applications/MAMP/htdocs/restaurant/index.php (27)
2012/12/27 16:49:03 [info] [application] thumbsPath value is /Applications/MAMP/htdocs/restaurant/images/tmp/thumbs/
in /Applications/MAMP/htdocs/restaurant/protected/controllers/PhotoController.php (163)
in /Applications/MAMP/htdocs/restaurant/index.php (27)
2012/12/27 16:49:03 [info] [application] temporary path is /Applications/MAMP/htdocs/restaurant/images/tmp/0a2fb3cfb75c7c6159d203b07fe240de.JPG
in /Applications/MAMP/htdocs/restaurant/protected/controllers/PhotoController.php (220)
in /Applications/MAMP/htdocs/restaurant/index.php (27)
2012/12/27 16:49:03 [info] [application] temporary thumbs path is /Applications/MAMP/htdocs/restaurant/images/tmp/thumbs/0a2fb3cfb75c7c6159d203b07fe240de.JPG
in /Applications/MAMP/htdocs/restaurant/protected/controllers/PhotoController.php (221)
in /Applications/MAMP/htdocs/restaurant/index.php (27)
2012/12/27 16:49:04 [info] [application] check1 /Applications/MAMP/htdocs/restaurant/images/menus/3/
in /Applications/MAMP/htdocs/restaurant/protected/controllers/PhotoController.php (292)
in /Applications/MAMP/htdocs/restaurant/index.php (27)
2012/12/27 16:49:04 [info] [application] check2 /Applications/MAMP/htdocs/restaurant/images/menus/3/thumbs/
in /Applications/MAMP/htdocs/restaurant/protected/controllers/PhotoController.php (297)
in /Applications/MAMP/htdocs/restaurant/index.php (27)
2012/12/27 16:49:04 [info] [application] check3
in /Applications/MAMP/htdocs/restaurant/protected/controllers/PhotoController.php (302)
in /Applications/MAMP/htdocs/restaurant/index.php (27)
2012/12/27 16:49:12 [info] [application] Path value is /Applications/MAMP/htdocs/restaurant/images/tmp/
in /Applications/MAMP/htdocs/restaurant/protected/controllers/PhotoController.php (162)
in /Applications/MAMP/htdocs/restaurant/index.php (27)
2012/12/27 16:49:12 [info] [application] thumbsPath value is /Applications/MAMP/htdocs/restaurant/images/tmp/thumbs/
in /Applications/MAMP/htdocs/restaurant/protected/controllers/PhotoController.php (163)
in /Applications/MAMP/htdocs/restaurant/index.php (27)
2012/12/27 16:49:22 [info] [application] Path value is /Applications/MAMP/htdocs/restaurant/images/tmp/
in /Applications/MAMP/htdocs/restaurant/protected/controllers/PhotoController.php (162)
in /Applications/MAMP/htdocs/restaurant/index.php (27)
2012/12/27 16:49:22 [info] [application] thumbsPath value is /Applications/MAMP/htdocs/restaurant/images/tmp/thumbs/
in /Applications/MAMP/htdocs/restaurant/protected/controllers/PhotoController.php (163)
in /Applications/MAMP/htdocs/restaurant/index.php (27)
2012/12/27 16:49:22 [info] [application] temporary path is /Applications/MAMP/htdocs/restaurant/images/tmp/8ebf4f9644cb626cf3f8183ab1396f14.JPG
in /Applications/MAMP/htdocs/restaurant/protected/controllers/PhotoController.php (220)
in /Applications/MAMP/htdocs/restaurant/index.php (27)
2012/12/27 16:49:22 [info] [application] temporary thumbs path is /Applications/MAMP/htdocs/restaurant/images/tmp/thumbs/8ebf4f9644cb626cf3f8183ab1396f14.JPG
in /Applications/MAMP/htdocs/restaurant/protected/controllers/PhotoController.php (221)
in /Applications/MAMP/htdocs/restaurant/index.php (27)
2012/12/27 16:49:23 [info] [application] check1 /Applications/MAMP/htdocs/restaurant/images/menus/3/
in /Applications/MAMP/htdocs/restaurant/protected/controllers/PhotoController.php (292)
in /Applications/MAMP/htdocs/restaurant/index.php (27)
2012/12/27 16:49:23 [info] [application] check2 /Applications/MAMP/htdocs/restaurant/images/menus/3/thumbs/
in /Applications/MAMP/htdocs/restaurant/protected/controllers/PhotoController.php (297)
in /Applications/MAMP/htdocs/restaurant/index.php (27)
2012/12/27 16:49:23 [info] [application] check3
in /Applications/MAMP/htdocs/restaurant/protected/controllers/PhotoController.php (302)
in /Applications/MAMP/htdocs/restaurant/index.php (27)
2012/12/27 16:49:24 [info] [application] Path value is /Applications/MAMP/htdocs/restaurant/images/tmp/
in /Applications/MAMP/htdocs/restaurant/protected/controllers/PhotoController.php (162)
in /Applications/MAMP/htdocs/restaurant/index.php (27)
2012/12/27 16:49:24 [info] [application] thumbsPath value is /Applications/MAMP/htdocs/restaurant/images/tmp/thumbs/
in /Applications/MAMP/htdocs/restaurant/protected/controllers/PhotoController.php (163)
in /Applications/MAMP/htdocs/restaurant/index.php (27)
2012/12/27 16:50:25 [info] [application] Path value is /Applications/MAMP/htdocs/restaurant/images/tmp/
in /Applications/MAMP/htdocs/restaurant/protected/controllers/PhotoController.php (162)
in /Applications/MAMP/htdocs/restaurant/index.php (27)
2012/12/27 16:50:25 [info] [application] thumbsPath value is /Applications/MAMP/htdocs/restaurant/images/tmp/thumbs/
in /Applications/MAMP/htdocs/restaurant/protected/controllers/PhotoController.php (163)
in /Applications/MAMP/htdocs/restaurant/index.php (27)
2012/12/27 16:50:25 [info] [application] temporary path is /Applications/MAMP/htdocs/restaurant/images/tmp/dcf605f946e2cce588179bc9adbc6a64.JPG
in /Applications/MAMP/htdocs/restaurant/protected/controllers/PhotoController.php (220)
in /Applications/MAMP/htdocs/restaurant/index.php (27)
2012/12/27 16:50:25 [info] [application] temporary thumbs path is /Applications/MAMP/htdocs/restaurant/images/tmp/thumbs/dcf605f946e2cce588179bc9adbc6a64.JPG
in /Applications/MAMP/htdocs/restaurant/protected/controllers/PhotoController.php (221)
in /Applications/MAMP/htdocs/restaurant/index.php (27)
2012/12/27 16:50:25 [info] [application] check1 /Applications/MAMP/htdocs/restaurant/images/menus/3/
in /Applications/MAMP/htdocs/restaurant/protected/controllers/PhotoController.php (292)
in /Applications/MAMP/htdocs/restaurant/index.php (27)
2012/12/27 16:50:25 [info] [application] check2 /Applications/MAMP/htdocs/restaurant/images/menus/3/thumbs/
in /Applications/MAMP/htdocs/restaurant/protected/controllers/PhotoController.php (297)
in /Applications/MAMP/htdocs/restaurant/index.php (27)
2012/12/27 16:50:25 [info] [application] check3
in /Applications/MAMP/htdocs/restaurant/protected/controllers/PhotoController.php (302)
in /Applications/MAMP/htdocs/restaurant/index.php (27)
2012/12/27 16:50:29 [info] [application] Path value is /Applications/MAMP/htdocs/restaurant/images/tmp/
in /Applications/MAMP/htdocs/restaurant/protected/controllers/PhotoController.php (162)
in /Applications/MAMP/htdocs/restaurant/index.php (27)
2012/12/27 16:50:29 [info] [application] thumbsPath value is /Applications/MAMP/htdocs/restaurant/images/tmp/thumbs/
in /Applications/MAMP/htdocs/restaurant/protected/controllers/PhotoController.php (163)
in /Applications/MAMP/htdocs/restaurant/index.php (27)
2012/12/27 16:50:44 [info] [application] Path value is /Applications/MAMP/htdocs/restaurant/images/tmp/
in /Applications/MAMP/htdocs/restaurant/protected/controllers/PhotoController.php (162)
in /Applications/MAMP/htdocs/restaurant/index.php (27)
2012/12/27 16:50:44 [info] [application] thumbsPath value is /Applications/MAMP/htdocs/restaurant/images/tmp/thumbs/
in /Applications/MAMP/htdocs/restaurant/protected/controllers/PhotoController.php (163)
in /Applications/MAMP/htdocs/restaurant/index.php (27)
2012/12/27 16:50:44 [info] [application] temporary path is /Applications/MAMP/htdocs/restaurant/images/tmp/8319a0ab0dda2e359957cee273c6087b.JPG
in /Applications/MAMP/htdocs/restaurant/protected/controllers/PhotoController.php (220)
in /Applications/MAMP/htdocs/restaurant/index.php (27)
2012/12/27 16:50:44 [info] [application] temporary thumbs path is /Applications/MAMP/htdocs/restaurant/images/tmp/thumbs/8319a0ab0dda2e359957cee273c6087b.JPG
in /Applications/MAMP/htdocs/restaurant/protected/controllers/PhotoController.php (221)
in /Applications/MAMP/htdocs/restaurant/index.php (27)
2012/12/27 16:50:45 [info] [application] check1 /Applications/MAMP/htdocs/restaurant/images/menus/3/
in /Applications/MAMP/htdocs/restaurant/protected/controllers/PhotoController.php (292)
in /Applications/MAMP/htdocs/restaurant/index.php (27)
2012/12/27 16:50:45 [info] [application] check2 /Applications/MAMP/htdocs/restaurant/images/menus/3/thumbs/
in /Applications/MAMP/htdocs/restaurant/protected/controllers/PhotoController.php (297)
in /Applications/MAMP/htdocs/restaurant/index.php (27)
2012/12/27 16:50:45 [info] [application] check3
in /Applications/MAMP/htdocs/restaurant/protected/controllers/PhotoController.php (302)
in /Applications/MAMP/htdocs/restaurant/index.php (27)
2012/12/27 16:50:46 [info] [application] Path value is /Applications/MAMP/htdocs/restaurant/images/tmp/
in /Applications/MAMP/htdocs/restaurant/protected/controllers/PhotoController.php (162)
in /Applications/MAMP/htdocs/restaurant/index.php (27)
2012/12/27 16:50:46 [info] [application] thumbsPath value is /Applications/MAMP/htdocs/restaurant/images/tmp/thumbs/
in /Applications/MAMP/htdocs/restaurant/protected/controllers/PhotoController.php (163)
in /Applications/MAMP/htdocs/restaurant/index.php (27)
2012/12/27 16:51:50 [info] [application] Path value is /Applications/MAMP/htdocs/restaurant/images/tmp/
in /Applications/MAMP/htdocs/restaurant/protected/controllers/PhotoController.php (162)
in /Applications/MAMP/htdocs/restaurant/index.php (27)
2012/12/27 16:51:50 [info] [application] thumbsPath value is /Applications/MAMP/htdocs/restaurant/images/tmp/thumbs/
in /Applications/MAMP/htdocs/restaurant/protected/controllers/PhotoController.php (163)
in /Applications/MAMP/htdocs/restaurant/index.php (27)
2012/12/27 16:51:50 [info] [application] temporary path is /Applications/MAMP/htdocs/restaurant/images/tmp/0a43f1f9f6b4899765dc502c2a3a8957.JPG
in /Applications/MAMP/htdocs/restaurant/protected/controllers/PhotoController.php (220)
in /Applications/MAMP/htdocs/restaurant/index.php (27)
2012/12/27 16:51:50 [info] [application] temporary thumbs path is /Applications/MAMP/htdocs/restaurant/images/tmp/thumbs/0a43f1f9f6b4899765dc502c2a3a8957.JPG
in /Applications/MAMP/htdocs/restaurant/protected/controllers/PhotoController.php (221)
in /Applications/MAMP/htdocs/restaurant/index.php (27)
2012/12/27 16:51:51 [info] [application] check1 /Applications/MAMP/htdocs/restaurant/images/menus/3/
in /Applications/MAMP/htdocs/restaurant/protected/controllers/PhotoController.php (292)
in /Applications/MAMP/htdocs/restaurant/index.php (27)
2012/12/27 16:51:51 [info] [application] check2 /Applications/MAMP/htdocs/restaurant/images/menus/3/thumbs/
in /Applications/MAMP/htdocs/restaurant/protected/controllers/PhotoController.php (297)
in /Applications/MAMP/htdocs/restaurant/index.php (27)
2012/12/27 16:51:51 [info] [application] check3
in /Applications/MAMP/htdocs/restaurant/protected/controllers/PhotoController.php (302)
in /Applications/MAMP/htdocs/restaurant/index.php (27)
2012/12/27 16:51:52 [info] [application] Path value is /Applications/MAMP/htdocs/restaurant/images/tmp/
in /Applications/MAMP/htdocs/restaurant/protected/controllers/PhotoController.php (162)
in /Applications/MAMP/htdocs/restaurant/index.php (27)
2012/12/27 16:51:52 [info] [application] thumbsPath value is /Applications/MAMP/htdocs/restaurant/images/tmp/thumbs/
in /Applications/MAMP/htdocs/restaurant/protected/controllers/PhotoController.php (163)
in /Applications/MAMP/htdocs/restaurant/index.php (27)
2012/12/27 16:53:44 [info] [application] Path value is /Applications/MAMP/htdocs/restaurant/images/tmp/
in /Applications/MAMP/htdocs/restaurant/protected/controllers/PhotoController.php (162)
in /Applications/MAMP/htdocs/restaurant/index.php (27)
2012/12/27 16:53:44 [info] [application] thumbsPath value is /Applications/MAMP/htdocs/restaurant/images/tmp/thumbs/
in /Applications/MAMP/htdocs/restaurant/protected/controllers/PhotoController.php (163)
in /Applications/MAMP/htdocs/restaurant/index.php (27)
2012/12/27 16:53:44 [info] [application] temporary path is /Applications/MAMP/htdocs/restaurant/images/tmp/3d576db9b0cfd40cec12f1d00b6f7cca.JPG
in /Applications/MAMP/htdocs/restaurant/protected/controllers/PhotoController.php (220)
in /Applications/MAMP/htdocs/restaurant/index.php (27)
2012/12/27 16:53:44 [info] [application] temporary thumbs path is /Applications/MAMP/htdocs/restaurant/images/tmp/thumbs/3d576db9b0cfd40cec12f1d00b6f7cca.JPG
in /Applications/MAMP/htdocs/restaurant/protected/controllers/PhotoController.php (221)
in /Applications/MAMP/htdocs/restaurant/index.php (27)
2012/12/27 16:53:45 [info] [application] check1 /Applications/MAMP/htdocs/restaurant/images/menus/3/
in /Applications/MAMP/htdocs/restaurant/protected/controllers/PhotoController.php (292)
in /Applications/MAMP/htdocs/restaurant/index.php (27)
2012/12/27 16:53:45 [info] [application] check2 /Applications/MAMP/htdocs/restaurant/images/menus/3/thumbs/
in /Applications/MAMP/htdocs/restaurant/protected/controllers/PhotoController.php (297)
in /Applications/MAMP/htdocs/restaurant/index.php (27)
2012/12/27 16:53:45 [info] [application] check3
in /Applications/MAMP/htdocs/restaurant/protected/controllers/PhotoController.php (302)
in /Applications/MAMP/htdocs/restaurant/index.php (27)
2012/12/27 16:53:46 [info] [application] Path value is /Applications/MAMP/htdocs/restaurant/images/tmp/
in /Applications/MAMP/htdocs/restaurant/protected/controllers/PhotoController.php (162)
in /Applications/MAMP/htdocs/restaurant/index.php (27)
2012/12/27 16:53:46 [info] [application] thumbsPath value is /Applications/MAMP/htdocs/restaurant/images/tmp/thumbs/
in /Applications/MAMP/htdocs/restaurant/protected/controllers/PhotoController.php (163)
in /Applications/MAMP/htdocs/restaurant/index.php (27)
2012/12/27 16:57:34 [info] [application] Path value is /Applications/MAMP/htdocs/restaurant/images/tmp/
in /Applications/MAMP/htdocs/restaurant/protected/controllers/PhotoController.php (162)
in /Applications/MAMP/htdocs/restaurant/index.php (27)
2012/12/27 16:57:34 [info] [application] thumbsPath value is /Applications/MAMP/htdocs/restaurant/images/tmp/thumbs/
in /Applications/MAMP/htdocs/restaurant/protected/controllers/PhotoController.php (163)
in /Applications/MAMP/htdocs/restaurant/index.php (27)
2012/12/27 16:57:34 [info] [application] temporary path is /Applications/MAMP/htdocs/restaurant/images/tmp/85875a96b4b689abece2cd97588c0f07.JPG
in /Applications/MAMP/htdocs/restaurant/protected/controllers/PhotoController.php (220)
in /Applications/MAMP/htdocs/restaurant/index.php (27)
2012/12/27 16:57:34 [info] [application] temporary thumbs path is /Applications/MAMP/htdocs/restaurant/images/tmp/thumbs/85875a96b4b689abece2cd97588c0f07.JPG
in /Applications/MAMP/htdocs/restaurant/protected/controllers/PhotoController.php (221)
in /Applications/MAMP/htdocs/restaurant/index.php (27)
2012/12/27 16:57:34 [info] [application] check1 /Applications/MAMP/htdocs/restaurant/images/menus/3/
in /Applications/MAMP/htdocs/restaurant/protected/controllers/PhotoController.php (292)
in /Applications/MAMP/htdocs/restaurant/index.php (27)
2012/12/27 16:57:34 [info] [application] check2 /Applications/MAMP/htdocs/restaurant/images/menus/3/thumbs/
in /Applications/MAMP/htdocs/restaurant/protected/controllers/PhotoController.php (297)
in /Applications/MAMP/htdocs/restaurant/index.php (27)
2012/12/27 16:57:34 [info] [application] check3
in /Applications/MAMP/htdocs/restaurant/protected/controllers/PhotoController.php (302)
in /Applications/MAMP/htdocs/restaurant/index.php (27)
2012/12/27 16:57:48 [info] [application] Path value is /Applications/MAMP/htdocs/restaurant/images/tmp/
in /Applications/MAMP/htdocs/restaurant/protected/controllers/PhotoController.php (162)
in /Applications/MAMP/htdocs/restaurant/index.php (27)
2012/12/27 16:57:48 [info] [application] thumbsPath value is /Applications/MAMP/htdocs/restaurant/images/tmp/thumbs/
in /Applications/MAMP/htdocs/restaurant/protected/controllers/PhotoController.php (163)
in /Applications/MAMP/htdocs/restaurant/index.php (27)
2012/12/27 16:57:48 [info] [application] file is /Applications/MAMP/htdocs/restaurant/images/tmp/85875a96b4b689abece2cd97588c0f07.JPG
in /Applications/MAMP/htdocs/restaurant/protected/controllers/PhotoController.php (179)
in /Applications/MAMP/htdocs/restaurant/index.php (27)
2012/12/27 17:03:15 [info] [application] Path value is /Applications/MAMP/htdocs/restaurant/images/tmp/
in /Applications/MAMP/htdocs/restaurant/protected/controllers/PhotoController.php (162)
in /Applications/MAMP/htdocs/restaurant/index.php (27)
2012/12/27 17:03:15 [info] [application] thumbsPath value is /Applications/MAMP/htdocs/restaurant/images/tmp/thumbs/
in /Applications/MAMP/htdocs/restaurant/protected/controllers/PhotoController.php (163)
in /Applications/MAMP/htdocs/restaurant/index.php (27)
2012/12/27 17:03:15 [info] [application] temporary path is /Applications/MAMP/htdocs/restaurant/images/tmp/a10e4c95edae96369738a7e54f574ddb.jpg
in /Applications/MAMP/htdocs/restaurant/protected/controllers/PhotoController.php (220)
in /Applications/MAMP/htdocs/restaurant/index.php (27)
2012/12/27 17:03:15 [info] [application] temporary thumbs path is /Applications/MAMP/htdocs/restaurant/images/tmp/thumbs/a10e4c95edae96369738a7e54f574ddb.jpg
in /Applications/MAMP/htdocs/restaurant/protected/controllers/PhotoController.php (221)
in /Applications/MAMP/htdocs/restaurant/index.php (27)
2012/12/27 17:03:15 [info] [application] check1 /Applications/MAMP/htdocs/restaurant/images/menus/3/
in /Applications/MAMP/htdocs/restaurant/protected/controllers/PhotoController.php (292)
in /Applications/MAMP/htdocs/restaurant/index.php (27)
2012/12/27 17:03:15 [info] [application] check2 /Applications/MAMP/htdocs/restaurant/images/menus/3/thumbs/
in /Applications/MAMP/htdocs/restaurant/protected/controllers/PhotoController.php (297)
in /Applications/MAMP/htdocs/restaurant/index.php (27)
2012/12/27 17:03:15 [info] [application] check3
in /Applications/MAMP/htdocs/restaurant/protected/controllers/PhotoController.php (302)
in /Applications/MAMP/htdocs/restaurant/index.php (27)
2012/12/27 17:06:51 [info] [application] Path value is /Applications/MAMP/htdocs/restaurant/images/tmp/
in /Applications/MAMP/htdocs/restaurant/protected/controllers/PhotoController.php (162)
in /Applications/MAMP/htdocs/restaurant/index.php (27)
2012/12/27 17:06:51 [info] [application] thumbsPath value is /Applications/MAMP/htdocs/restaurant/images/tmp/thumbs/
in /Applications/MAMP/htdocs/restaurant/protected/controllers/PhotoController.php (163)
in /Applications/MAMP/htdocs/restaurant/index.php (27)
2012/12/27 17:06:51 [info] [application] temporary path is /Applications/MAMP/htdocs/restaurant/images/tmp/b5f0c283dac3ee9145899e49a4d3403a.JPG
in /Applications/MAMP/htdocs/restaurant/protected/controllers/PhotoController.php (221)
in /Applications/MAMP/htdocs/restaurant/index.php (27)
2012/12/27 17:06:51 [info] [application] temporary thumbs path is /Applications/MAMP/htdocs/restaurant/images/tmp/thumbs/b5f0c283dac3ee9145899e49a4d3403a.JPG
in /Applications/MAMP/htdocs/restaurant/protected/controllers/PhotoController.php (222)
in /Applications/MAMP/htdocs/restaurant/index.php (27)
2012/12/27 17:06:52 [info] [application] check1 /Applications/MAMP/htdocs/restaurant/images/menus/3/
in /Applications/MAMP/htdocs/restaurant/protected/controllers/PhotoController.php (293)
in /Applications/MAMP/htdocs/restaurant/index.php (27)
2012/12/27 17:06:52 [info] [application] check2 /Applications/MAMP/htdocs/restaurant/images/menus/3/thumbs/
in /Applications/MAMP/htdocs/restaurant/protected/controllers/PhotoController.php (298)
in /Applications/MAMP/htdocs/restaurant/index.php (27)
2012/12/27 17:06:52 [info] [application] check3
in /Applications/MAMP/htdocs/restaurant/protected/controllers/PhotoController.php (303)
in /Applications/MAMP/htdocs/restaurant/index.php (27)
2012/12/27 17:06:57 [info] [application] Path value is /Applications/MAMP/htdocs/restaurant/images/tmp/
in /Applications/MAMP/htdocs/restaurant/protected/controllers/PhotoController.php (162)
in /Applications/MAMP/htdocs/restaurant/index.php (27)
2012/12/27 17:06:57 [info] [application] thumbsPath value is /Applications/MAMP/htdocs/restaurant/images/tmp/thumbs/
in /Applications/MAMP/htdocs/restaurant/protected/controllers/PhotoController.php (163)
in /Applications/MAMP/htdocs/restaurant/index.php (27)
2012/12/27 17:06:57 [info] [application] file is /Applications/MAMP/htdocs/restaurant/images/menus/3/b5f0c283dac3ee9145899e49a4d3403a.JPG
in /Applications/MAMP/htdocs/restaurant/protected/controllers/PhotoController.php (180)
in /Applications/MAMP/htdocs/restaurant/index.php (27)
2012/12/27 17:08:52 [info] [application] Path value is /Applications/MAMP/htdocs/restaurant/images/tmp/
in /Applications/MAMP/htdocs/restaurant/protected/controllers/PhotoController.php (162)
in /Applications/MAMP/htdocs/restaurant/index.php (27)
2012/12/27 17:08:52 [info] [application] thumbsPath value is /Applications/MAMP/htdocs/restaurant/images/tmp/thumbs/
in /Applications/MAMP/htdocs/restaurant/protected/controllers/PhotoController.php (163)
in /Applications/MAMP/htdocs/restaurant/index.php (27)
2012/12/27 17:08:52 [info] [application] temporary path is /Applications/MAMP/htdocs/restaurant/images/tmp/0dee9e77bf0e40b7b0d09a46b8450b62.JPG
in /Applications/MAMP/htdocs/restaurant/protected/controllers/PhotoController.php (224)
in /Applications/MAMP/htdocs/restaurant/index.php (27)
2012/12/27 17:08:52 [info] [application] temporary thumbs path is /Applications/MAMP/htdocs/restaurant/images/tmp/thumbs/0dee9e77bf0e40b7b0d09a46b8450b62.JPG
in /Applications/MAMP/htdocs/restaurant/protected/controllers/PhotoController.php (225)
in /Applications/MAMP/htdocs/restaurant/index.php (27)
2012/12/27 17:08:53 [info] [application] check1 /Applications/MAMP/htdocs/restaurant/images/menus/3/
in /Applications/MAMP/htdocs/restaurant/protected/controllers/PhotoController.php (296)
in /Applications/MAMP/htdocs/restaurant/index.php (27)
2012/12/27 17:08:53 [info] [application] check2 /Applications/MAMP/htdocs/restaurant/images/menus/3/thumbs/
in /Applications/MAMP/htdocs/restaurant/protected/controllers/PhotoController.php (301)
in /Applications/MAMP/htdocs/restaurant/index.php (27)
2012/12/27 17:08:53 [info] [application] check3
in /Applications/MAMP/htdocs/restaurant/protected/controllers/PhotoController.php (306)
in /Applications/MAMP/htdocs/restaurant/index.php (27)
2012/12/27 17:08:59 [info] [application] Path value is /Applications/MAMP/htdocs/restaurant/images/tmp/
in /Applications/MAMP/htdocs/restaurant/protected/controllers/PhotoController.php (162)
in /Applications/MAMP/htdocs/restaurant/index.php (27)
2012/12/27 17:08:59 [info] [application] thumbsPath value is /Applications/MAMP/htdocs/restaurant/images/tmp/thumbs/
in /Applications/MAMP/htdocs/restaurant/protected/controllers/PhotoController.php (163)
in /Applications/MAMP/htdocs/restaurant/index.php (27)
2012/12/27 17:08:59 [info] [application] file is /Applications/MAMP/htdocs/restaurant/images/menus/3/0dee9e77bf0e40b7b0d09a46b8450b62.JPG
in /Applications/MAMP/htdocs/restaurant/protected/controllers/PhotoController.php (183)
in /Applications/MAMP/htdocs/restaurant/index.php (27)
2012/12/27 17:10:23 [info] [application] Path value is /Applications/MAMP/htdocs/restaurant/images/tmp/
in /Applications/MAMP/htdocs/restaurant/protected/controllers/PhotoController.php (162)
in /Applications/MAMP/htdocs/restaurant/index.php (27)
2012/12/27 17:10:23 [info] [application] thumbsPath value is /Applications/MAMP/htdocs/restaurant/images/tmp/thumbs/
in /Applications/MAMP/htdocs/restaurant/protected/controllers/PhotoController.php (163)
in /Applications/MAMP/htdocs/restaurant/index.php (27)
2012/12/27 17:10:23 [info] [application] temporary path is /Applications/MAMP/htdocs/restaurant/images/tmp/fc7a0cc3aa3c81de24d5adbf33ab3ba3.JPG
in /Applications/MAMP/htdocs/restaurant/protected/controllers/PhotoController.php (226)
in /Applications/MAMP/htdocs/restaurant/index.php (27)
2012/12/27 17:10:23 [info] [application] temporary thumbs path is /Applications/MAMP/htdocs/restaurant/images/tmp/thumbs/fc7a0cc3aa3c81de24d5adbf33ab3ba3.JPG
in /Applications/MAMP/htdocs/restaurant/protected/controllers/PhotoController.php (227)
in /Applications/MAMP/htdocs/restaurant/index.php (27)
2012/12/27 17:10:24 [info] [application] check1 /Applications/MAMP/htdocs/restaurant/images/menus/3/
in /Applications/MAMP/htdocs/restaurant/protected/controllers/PhotoController.php (298)
in /Applications/MAMP/htdocs/restaurant/index.php (27)
2012/12/27 17:10:24 [info] [application] check2 /Applications/MAMP/htdocs/restaurant/images/menus/3/thumbs/
in /Applications/MAMP/htdocs/restaurant/protected/controllers/PhotoController.php (303)
in /Applications/MAMP/htdocs/restaurant/index.php (27)
2012/12/27 17:10:24 [info] [application] check3
in /Applications/MAMP/htdocs/restaurant/protected/controllers/PhotoController.php (308)
in /Applications/MAMP/htdocs/restaurant/index.php (27)
2012/12/27 17:10:30 [info] [application] Path value is /Applications/MAMP/htdocs/restaurant/images/tmp/
in /Applications/MAMP/htdocs/restaurant/protected/controllers/PhotoController.php (162)
in /Applications/MAMP/htdocs/restaurant/index.php (27)
2012/12/27 17:10:30 [info] [application] thumbsPath value is /Applications/MAMP/htdocs/restaurant/images/tmp/thumbs/
in /Applications/MAMP/htdocs/restaurant/protected/controllers/PhotoController.php (163)
in /Applications/MAMP/htdocs/restaurant/index.php (27)
2012/12/27 17:10:30 [info] [application] file is /Applications/MAMP/htdocs/restaurant/images/menus/3/fc7a0cc3aa3c81de24d5adbf33ab3ba3.JPG
in /Applications/MAMP/htdocs/restaurant/protected/controllers/PhotoController.php (185)
in /Applications/MAMP/htdocs/restaurant/index.php (27)
2012/12/27 17:10:39 [info] [application] Path value is /Applications/MAMP/htdocs/restaurant/images/tmp/
in /Applications/MAMP/htdocs/restaurant/protected/controllers/PhotoController.php (162)
in /Applications/MAMP/htdocs/restaurant/index.php (27)
2012/12/27 17:10:39 [info] [application] thumbsPath value is /Applications/MAMP/htdocs/restaurant/images/tmp/thumbs/
in /Applications/MAMP/htdocs/restaurant/protected/controllers/PhotoController.php (163)
in /Applications/MAMP/htdocs/restaurant/index.php (27)
2012/12/27 17:10:39 [info] [application] temporary path is /Applications/MAMP/htdocs/restaurant/images/tmp/526f8a1ffd424b6b36e3b9baaaab0dc1.JPG
in /Applications/MAMP/htdocs/restaurant/protected/controllers/PhotoController.php (226)
in /Applications/MAMP/htdocs/restaurant/index.php (27)
2012/12/27 17:10:39 [info] [application] temporary thumbs path is /Applications/MAMP/htdocs/restaurant/images/tmp/thumbs/526f8a1ffd424b6b36e3b9baaaab0dc1.JPG
in /Applications/MAMP/htdocs/restaurant/protected/controllers/PhotoController.php (227)
in /Applications/MAMP/htdocs/restaurant/index.php (27)
2012/12/27 17:10:40 [info] [application] check1 /Applications/MAMP/htdocs/restaurant/images/menus/3/
in /Applications/MAMP/htdocs/restaurant/protected/controllers/PhotoController.php (298)
in /Applications/MAMP/htdocs/restaurant/index.php (27)
2012/12/27 17:10:40 [info] [application] check2 /Applications/MAMP/htdocs/restaurant/images/menus/3/thumbs/
in /Applications/MAMP/htdocs/restaurant/protected/controllers/PhotoController.php (303)
in /Applications/MAMP/htdocs/restaurant/index.php (27)
2012/12/27 17:10:40 [info] [application] check3
in /Applications/MAMP/htdocs/restaurant/protected/controllers/PhotoController.php (308)
in /Applications/MAMP/htdocs/restaurant/index.php (27)
2012/12/27 17:19:38 [info] [application] Path value is /Applications/MAMP/htdocs/restaurant/images/tmp/
in /Applications/MAMP/htdocs/restaurant/protected/controllers/PhotoController.php (165)
in /Applications/MAMP/htdocs/restaurant/index.php (27)
2012/12/27 17:19:38 [info] [application] thumbsPath value is /Applications/MAMP/htdocs/restaurant/images/tmp/thumbs/
in /Applications/MAMP/htdocs/restaurant/protected/controllers/PhotoController.php (166)
in /Applications/MAMP/htdocs/restaurant/index.php (27)
2012/12/27 17:19:38 [info] [application] temporary path is /Applications/MAMP/htdocs/restaurant/images/tmp/453b038bcda67e87055b558ad46deaf2.JPG
in /Applications/MAMP/htdocs/restaurant/protected/controllers/PhotoController.php (232)
in /Applications/MAMP/htdocs/restaurant/index.php (27)
2012/12/27 17:19:38 [info] [application] temporary thumbs path is /Applications/MAMP/htdocs/restaurant/images/tmp/thumbs/453b038bcda67e87055b558ad46deaf2.JPG
in /Applications/MAMP/htdocs/restaurant/protected/controllers/PhotoController.php (233)
in /Applications/MAMP/htdocs/restaurant/index.php (27)
2012/12/27 17:19:40 [info] [application] check1 /Applications/MAMP/htdocs/restaurant/images/menus/3/
in /Applications/MAMP/htdocs/restaurant/protected/controllers/PhotoController.php (300)
in /Applications/MAMP/htdocs/restaurant/index.php (27)
2012/12/27 17:19:40 [info] [application] check2 /Applications/MAMP/htdocs/restaurant/images/menus/3/thumbs/
in /Applications/MAMP/htdocs/restaurant/protected/controllers/PhotoController.php (305)
in /Applications/MAMP/htdocs/restaurant/index.php (27)
2012/12/27 17:19:40 [info] [application] check3
in /Applications/MAMP/htdocs/restaurant/protected/controllers/PhotoController.php (310)
in /Applications/MAMP/htdocs/restaurant/index.php (27)
2012/12/27 17:20:26 [info] [application] Path value is /Applications/MAMP/htdocs/restaurant/images/tmp/
in /Applications/MAMP/htdocs/restaurant/protected/controllers/PhotoController.php (165)
in /Applications/MAMP/htdocs/restaurant/index.php (27)
2012/12/27 17:20:26 [info] [application] thumbsPath value is /Applications/MAMP/htdocs/restaurant/images/tmp/thumbs/
in /Applications/MAMP/htdocs/restaurant/protected/controllers/PhotoController.php (166)
in /Applications/MAMP/htdocs/restaurant/index.php (27)
2012/12/27 17:20:26 [info] [application] file is /Applications/MAMP/htdocs/restaurant/images/menus/3/453b038bcda67e87055b558ad46deaf2.JPG
in /Applications/MAMP/htdocs/restaurant/protected/controllers/PhotoController.php (188)
in /Applications/MAMP/htdocs/restaurant/index.php (27)
2012/12/27 17:30:56 [info] [application] Path value is /Applications/MAMP/htdocs/restaurant/images/tmp/
in /Applications/MAMP/htdocs/restaurant/protected/controllers/PhotoController.php (165)
in /Applications/MAMP/htdocs/restaurant/index.php (27)
2012/12/27 17:30:56 [info] [application] thumbsPath value is /Applications/MAMP/htdocs/restaurant/images/tmp/thumbs/
in /Applications/MAMP/htdocs/restaurant/protected/controllers/PhotoController.php (166)
in /Applications/MAMP/htdocs/restaurant/index.php (27)
2012/12/27 17:30:56 [info] [application] temporary path is /Applications/MAMP/htdocs/restaurant/images/tmp/0a77f40aa3489d0974b073e5639935f9.JPG
in /Applications/MAMP/htdocs/restaurant/protected/controllers/PhotoController.php (232)
in /Applications/MAMP/htdocs/restaurant/index.php (27)
2012/12/27 17:30:56 [info] [application] temporary thumbs path is /Applications/MAMP/htdocs/restaurant/images/tmp/thumbs/0a77f40aa3489d0974b073e5639935f9.JPG
in /Applications/MAMP/htdocs/restaurant/protected/controllers/PhotoController.php (233)
in /Applications/MAMP/htdocs/restaurant/index.php (27)
2012/12/27 17:30:58 [info] [application] check1 /Applications/MAMP/htdocs/restaurant/images/menus/3/
in /Applications/MAMP/htdocs/restaurant/protected/controllers/PhotoController.php (300)
in /Applications/MAMP/htdocs/restaurant/index.php (27)
2012/12/27 17:30:58 [info] [application] check2 /Applications/MAMP/htdocs/restaurant/images/menus/3/thumbs/
in /Applications/MAMP/htdocs/restaurant/protected/controllers/PhotoController.php (305)
in /Applications/MAMP/htdocs/restaurant/index.php (27)
2012/12/27 17:30:58 [info] [application] check3
in /Applications/MAMP/htdocs/restaurant/protected/controllers/PhotoController.php (310)
in /Applications/MAMP/htdocs/restaurant/index.php (27)
2012/12/27 17:31:09 [info] [application] Path value is /Applications/MAMP/htdocs/restaurant/images/tmp/
in /Applications/MAMP/htdocs/restaurant/protected/controllers/PhotoController.php (165)
in /Applications/MAMP/htdocs/restaurant/index.php (27)
2012/12/27 17:31:09 [info] [application] thumbsPath value is /Applications/MAMP/htdocs/restaurant/images/tmp/thumbs/
in /Applications/MAMP/htdocs/restaurant/protected/controllers/PhotoController.php (166)
in /Applications/MAMP/htdocs/restaurant/index.php (27)
2012/12/27 17:31:09 [info] [application] file is /Applications/MAMP/htdocs/restaurant/images/menus/3/0a77f40aa3489d0974b073e5639935f9.JPG
in /Applications/MAMP/htdocs/restaurant/protected/controllers/PhotoController.php (188)
in /Applications/MAMP/htdocs/restaurant/index.php (27)
